<?xml version="1.0" encoding="utf-8"?>
<coverage line-rate="0.5327000000000001" branch-rate="0.3906" version="1.9" timestamp="1678295349" lines-covered="1090" lines-valid="2046" branches-covered="150" branches-valid="384">
  <sources>
    <source>C:\Users\cheyz\</source>
  </sources>
  <packages>
    <package name="AnimalLibrary" line-rate="0.6469" branch-rate="0.6022" complexity="146">
      <classes>
        <class name="AnimalLibrary.Animal" filename="Desktop\Домашка\Программирование\Лабораторная работа №11\LabWork11Git\AnimalLibrary\Animal.cs" line-rate="0.8809" branch-rate="0.9285" complexity="29">
          <methods>
            <method name="get_Name" signature="()" line-rate="1" branch-rate="1" complexity="1">
              <lines>
                <line number="40" hits="13251" branch="False" />
              </lines>
            </method>
            <method name="set_Name" signature="(System.String)" line-rate="1" branch-rate="1" complexity="1">
              <lines>
                <line number="41" hits="20220" branch="False" />
              </lines>
            </method>
            <method name="get_Age" signature="()" line-rate="1" branch-rate="1" complexity="1">
              <lines>
                <line number="49" hits="4440" branch="False" />
                <line number="50" hits="4440" branch="False" />
                <line number="51" hits="4440" branch="False" />
              </lines>
            </method>
            <method name="set_Age" signature="(System.Int32)" line-rate="1" branch-rate="1" complexity="4">
              <lines>
                <line number="53" hits="6740" branch="False" />
                <line number="54" hits="6740" branch="True" condition-coverage="100% (2/2)">
                  <conditions>
                    <condition number="10" type="jump" coverage="100%" />
                  </conditions>
                </line>
                <line number="55" hits="4" branch="False" />
                <line number="56" hits="4" branch="False" />
                <line number="57" hits="4" branch="False" />
                <line number="58" hits="4" branch="False" />
                <line number="59" hits="6736" branch="True" condition-coverage="100% (2/2)">
                  <conditions>
                    <condition number="41" type="jump" coverage="100%" />
                  </conditions>
                </line>
                <line number="60" hits="8" branch="False" />
                <line number="61" hits="8" branch="False" />
                <line number="62" hits="8" branch="False" />
                <line number="63" hits="8" branch="False" />
                <line number="65" hits="6728" branch="False" />
                <line number="66" hits="6728" branch="False" />
                <line number="67" hits="6728" branch="False" />
                <line number="68" hits="6740" branch="False" />
              </lines>
            </method>
            <method name="get_Habitat" signature="()" line-rate="1" branch-rate="1" complexity="1">
              <lines>
                <line number="73" hits="13251" branch="False" />
              </lines>
            </method>
            <method name="set_Habitat" signature="(System.String)" line-rate="1" branch-rate="1" complexity="1">
              <lines>
                <line number="74" hits="20220" branch="False" />
              </lines>
            </method>
            <method name="Print" signature="()" line-rate="1" branch-rate="1" complexity="1">
              <lines>
                <line number="81" hits="1" branch="False" />
                <line number="82" hits="1" branch="False" />
                <line number="83" hits="1" branch="False" />
              </lines>
            </method>
            <method name="Show" signature="()" line-rate="1" branch-rate="1" complexity="1">
              <lines>
                <line number="94" hits="1" branch="False" />
                <line number="95" hits="1" branch="False" />
                <line number="96" hits="1" branch="False" />
              </lines>
            </method>
            <method name="Init" signature="()" line-rate="0" branch-rate="1" complexity="1">
              <lines>
                <line number="100" hits="0" branch="False" />
                <line number="102" hits="0" branch="False" />
                <line number="103" hits="0" branch="False" />
                <line number="104" hits="0" branch="False" />
                <line number="105" hits="0" branch="False" />
                <line number="106" hits="0" branch="False" />
              </lines>
            </method>
            <method name="RandomInit" signature="()" line-rate="1" branch-rate="1" complexity="1">
              <lines>
                <line number="110" hits="154" branch="False" />
                <line number="112" hits="154" branch="False" />
                <line number="113" hits="154" branch="False" />
                <line number="114" hits="154" branch="False" />
                <line number="115" hits="154" branch="False" />
                <line number="116" hits="154" branch="False" />
              </lines>
            </method>
            <method name="Equals" signature="(System.Object)" line-rate="1" branch-rate="1" complexity="8">
              <lines>
                <line number="120" hits="7" branch="False" />
                <line number="121" hits="7" branch="True" condition-coverage="100% (2/2)">
                  <conditions>
                    <condition number="14" type="jump" coverage="100%" />
                  </conditions>
                </line>
                <line number="122" hits="6" branch="False" />
                <line number="123" hits="6" branch="True" condition-coverage="100% (6/6)">
                  <conditions>
                    <condition number="29" type="jump" coverage="100%" />
                    <condition number="48" type="jump" coverage="100%" />
                    <condition number="67" type="jump" coverage="100%" />
                  </conditions>
                </line>
                <line number="124" hits="6" branch="False" />
                <line number="125" hits="6" branch="False" />
                <line number="126" hits="6" branch="False" />
                <line number="129" hits="1" branch="False" />
                <line number="130" hits="7" branch="False" />
              </lines>
            </method>
            <method name="GetHashCode" signature="()" line-rate="0" branch-rate="1" complexity="1">
              <lines>
                <line number="133" hits="0" branch="False" />
                <line number="135" hits="0" branch="False" />
                <line number="136" hits="0" branch="False" />
                <line number="137" hits="0" branch="False" />
              </lines>
            </method>
            <method name="ShallowCopy" signature="()" line-rate="1" branch-rate="1" complexity="1">
              <lines>
                <line number="141" hits="1" branch="False" />
                <line number="142" hits="1" branch="False" />
                <line number="143" hits="1" branch="False" />
              </lines>
            </method>
            <method name="Clone" signature="()" line-rate="1" branch-rate="1" complexity="1">
              <lines>
                <line number="147" hits="1" branch="False" />
                <line number="148" hits="1" branch="False" />
                <line number="149" hits="1" branch="False" />
              </lines>
            </method>
            <method name="CompareTo" signature="(System.Object)" line-rate="1" branch-rate="0.5" complexity="2">
              <lines>
                <line number="152" hits="27393" branch="False" />
                <line number="153" hits="27393" branch="True" condition-coverage="50% (1/2)">
                  <conditions>
                    <condition number="15" type="jump" coverage="50%" />
                  </conditions>
                </line>
                <line number="154" hits="27393" branch="False" />
                <line number="155" hits="27393" branch="False" />
                <line number="156" hits="27393" branch="False" />
              </lines>
            </method>
            <method name="ToString" signature="()" line-rate="1" branch-rate="1" complexity="1">
              <lines>
                <line number="160" hits="3161" branch="False" />
                <line number="161" hits="3161" branch="False" />
                <line number="162" hits="3161" branch="False" />
              </lines>
            </method>
            <method name=".ctor" signature="(System.String,System.Int32,System.String,System.Int32)" line-rate="1" branch-rate="1" complexity="1">
              <lines>
                <line number="14" hits="5009" branch="False" />
                <line number="16" hits="5009" branch="False" />
                <line number="17" hits="5009" branch="False" />
                <line number="20" hits="3232" branch="False" />
                <line number="21" hits="3232" branch="False" />
                <line number="22" hits="3232" branch="False" />
                <line number="23" hits="3232" branch="False" />
                <line number="24" hits="3232" branch="False" />
                <line number="25" hits="3232" branch="False" />
                <line number="26" hits="3232" branch="False" />
              </lines>
            </method>
            <method name=".ctor" signature="()" line-rate="1" branch-rate="1" complexity="1">
              <lines>
                <line number="29" hits="1777" branch="False" />
                <line number="30" hits="1777" branch="False" />
                <line number="31" hits="1777" branch="False" />
                <line number="32" hits="1777" branch="False" />
                <line number="33" hits="1777" branch="False" />
                <line number="34" hits="1777" branch="False" />
                <line number="35" hits="1777" branch="False" />
              </lines>
            </method>
          </methods>
          <lines>
            <line number="40" hits="13251" branch="False" />
            <line number="41" hits="20220" branch="False" />
            <line number="49" hits="4440" branch="False" />
            <line number="50" hits="4440" branch="False" />
            <line number="51" hits="4440" branch="False" />
            <line number="53" hits="6740" branch="False" />
            <line number="54" hits="6740" branch="True" condition-coverage="100% (2/2)">
              <conditions>
                <condition number="10" type="jump" coverage="100%" />
              </conditions>
            </line>
            <line number="55" hits="4" branch="False" />
            <line number="56" hits="4" branch="False" />
            <line number="57" hits="4" branch="False" />
            <line number="58" hits="4" branch="False" />
            <line number="59" hits="6736" branch="True" condition-coverage="100% (2/2)">
              <conditions>
                <condition number="41" type="jump" coverage="100%" />
              </conditions>
            </line>
            <line number="60" hits="8" branch="False" />
            <line number="61" hits="8" branch="False" />
            <line number="62" hits="8" branch="False" />
            <line number="63" hits="8" branch="False" />
            <line number="65" hits="6728" branch="False" />
            <line number="66" hits="6728" branch="False" />
            <line number="67" hits="6728" branch="False" />
            <line number="68" hits="6740" branch="False" />
            <line number="73" hits="13251" branch="False" />
            <line number="74" hits="20220" branch="False" />
            <line number="81" hits="1" branch="False" />
            <line number="82" hits="1" branch="False" />
            <line number="83" hits="1" branch="False" />
            <line number="94" hits="1" branch="False" />
            <line number="95" hits="1" branch="False" />
            <line number="96" hits="1" branch="False" />
            <line number="100" hits="0" branch="False" />
            <line number="102" hits="0" branch="False" />
            <line number="103" hits="0" branch="False" />
            <line number="104" hits="0" branch="False" />
            <line number="105" hits="0" branch="False" />
            <line number="106" hits="0" branch="False" />
            <line number="110" hits="154" branch="False" />
            <line number="112" hits="154" branch="False" />
            <line number="113" hits="154" branch="False" />
            <line number="114" hits="154" branch="False" />
            <line number="115" hits="154" branch="False" />
            <line number="116" hits="154" branch="False" />
            <line number="120" hits="7" branch="False" />
            <line number="121" hits="7" branch="True" condition-coverage="100% (2/2)">
              <conditions>
                <condition number="14" type="jump" coverage="100%" />
              </conditions>
            </line>
            <line number="122" hits="6" branch="False" />
            <line number="123" hits="6" branch="True" condition-coverage="100% (6/6)">
              <conditions>
                <condition number="29" type="jump" coverage="100%" />
                <condition number="48" type="jump" coverage="100%" />
                <condition number="67" type="jump" coverage="100%" />
              </conditions>
            </line>
            <line number="124" hits="6" branch="False" />
            <line number="125" hits="6" branch="False" />
            <line number="126" hits="6" branch="False" />
            <line number="129" hits="1" branch="False" />
            <line number="130" hits="7" branch="False" />
            <line number="133" hits="0" branch="False" />
            <line number="135" hits="0" branch="False" />
            <line number="136" hits="0" branch="False" />
            <line number="137" hits="0" branch="False" />
            <line number="141" hits="1" branch="False" />
            <line number="142" hits="1" branch="False" />
            <line number="143" hits="1" branch="False" />
            <line number="147" hits="1" branch="False" />
            <line number="148" hits="1" branch="False" />
            <line number="149" hits="1" branch="False" />
            <line number="152" hits="27393" branch="False" />
            <line number="153" hits="27393" branch="True" condition-coverage="50% (1/2)">
              <conditions>
                <condition number="15" type="jump" coverage="50%" />
              </conditions>
            </line>
            <line number="154" hits="27393" branch="False" />
            <line number="155" hits="27393" branch="False" />
            <line number="156" hits="27393" branch="False" />
            <line number="160" hits="3161" branch="False" />
            <line number="161" hits="3161" branch="False" />
            <line number="162" hits="3161" branch="False" />
            <line number="14" hits="5009" branch="False" />
            <line number="16" hits="5009" branch="False" />
            <line number="17" hits="5009" branch="False" />
            <line number="20" hits="3232" branch="False" />
            <line number="21" hits="3232" branch="False" />
            <line number="22" hits="3232" branch="False" />
            <line number="23" hits="3232" branch="False" />
            <line number="24" hits="3232" branch="False" />
            <line number="25" hits="3232" branch="False" />
            <line number="26" hits="3232" branch="False" />
            <line number="29" hits="1777" branch="False" />
            <line number="30" hits="1777" branch="False" />
            <line number="31" hits="1777" branch="False" />
            <line number="32" hits="1777" branch="False" />
            <line number="33" hits="1777" branch="False" />
            <line number="34" hits="1777" branch="False" />
            <line number="35" hits="1777" branch="False" />
          </lines>
        </class>
        <class name="AnimalLibrary.AnimalId" filename="Desktop\Домашка\Программирование\Лабораторная работа №11\LabWork11Git\AnimalLibrary\AnimalID.cs" line-rate="1" branch-rate="1" complexity="4">
          <methods>
            <method name="Equals" signature="(System.Object)" line-rate="1" branch-rate="1" complexity="2">
              <lines>
                <line number="18" hits="3" branch="False" />
                <line number="19" hits="3" branch="True" condition-coverage="100% (2/2)">
                  <conditions>
                    <condition number="14" type="jump" coverage="100%" />
                  </conditions>
                </line>
                <line number="20" hits="2" branch="False" />
                <line number="22" hits="1" branch="False" />
                <line number="23" hits="3" branch="False" />
              </lines>
            </method>
            <method name="ToString" signature="()" line-rate="1" branch-rate="1" complexity="1">
              <lines>
                <line number="26" hits="4323" branch="False" />
                <line number="27" hits="4323" branch="False" />
                <line number="28" hits="4323" branch="False" />
              </lines>
            </method>
            <method name=".ctor" signature="(System.Int32)" line-rate="1" branch-rate="1" complexity="1">
              <lines>
                <line number="13" hits="5010" branch="False" />
                <line number="14" hits="5010" branch="False" />
                <line number="15" hits="5010" branch="False" />
                <line number="16" hits="5010" branch="False" />
              </lines>
            </method>
          </methods>
          <lines>
            <line number="18" hits="3" branch="False" />
            <line number="19" hits="3" branch="True" condition-coverage="100% (2/2)">
              <conditions>
                <condition number="14" type="jump" coverage="100%" />
              </conditions>
            </line>
            <line number="20" hits="2" branch="False" />
            <line number="22" hits="1" branch="False" />
            <line number="23" hits="3" branch="False" />
            <line number="26" hits="4323" branch="False" />
            <line number="27" hits="4323" branch="False" />
            <line number="28" hits="4323" branch="False" />
            <line number="13" hits="5010" branch="False" />
            <line number="14" hits="5010" branch="False" />
            <line number="15" hits="5010" branch="False" />
            <line number="16" hits="5010" branch="False" />
          </lines>
        </class>
        <class name="AnimalLibrary.Artiodactyl" filename="Desktop\Домашка\Программирование\Лабораторная работа №11\LabWork11Git\AnimalLibrary\Artiodactyl.cs" line-rate="0.8541" branch-rate="1" complexity="20">
          <methods>
            <method name="get_HornStyle" signature="()" line-rate="1" branch-rate="1" complexity="1">
              <lines>
                <line number="19" hits="75" branch="False" />
              </lines>
            </method>
            <method name="set_HornStyle" signature="(System.String)" line-rate="1" branch-rate="1" complexity="1">
              <lines>
                <line number="20" hits="537" branch="False" />
              </lines>
            </method>
            <method name="Init" signature="()" line-rate="0" branch-rate="1" complexity="1">
              <lines>
                <line number="46" hits="0" branch="False" />
                <line number="47" hits="0" branch="False" />
                <line number="48" hits="0" branch="False" />
                <line number="50" hits="0" branch="False" />
              </lines>
            </method>
            <method name="RandomInit" signature="()" line-rate="1" branch-rate="1" complexity="1">
              <lines>
                <line number="53" hits="155" branch="False" />
                <line number="54" hits="155" branch="False" />
                <line number="55" hits="155" branch="False" />
                <line number="56" hits="155" branch="False" />
                <line number="57" hits="155" branch="False" />
                <line number="58" hits="155" branch="False" />
                <line number="59" hits="155" branch="False" />
                <line number="60" hits="155" branch="False" />
              </lines>
            </method>
            <method name="Equals" signature="(System.Object)" line-rate="1" branch-rate="1" complexity="10">
              <lines>
                <line number="63" hits="12" branch="False" />
                <line number="64" hits="12" branch="True" condition-coverage="100% (2/2)">
                  <conditions>
                    <condition number="14" type="jump" coverage="100%" />
                  </conditions>
                </line>
                <line number="65" hits="11" branch="False" />
                <line number="66" hits="11" branch="True" condition-coverage="100% (8/8)">
                  <conditions>
                    <condition number="29" type="jump" coverage="100%" />
                    <condition number="43" type="jump" coverage="100%" />
                    <condition number="62" type="jump" coverage="100%" />
                    <condition number="81" type="jump" coverage="100%" />
                  </conditions>
                </line>
                <line number="67" hits="11" branch="False" />
                <line number="68" hits="11" branch="False" />
                <line number="69" hits="11" branch="False" />
                <line number="72" hits="1" branch="False" />
                <line number="73" hits="12" branch="False" />
              </lines>
            </method>
            <method name="Print" signature="()" line-rate="1" branch-rate="1" complexity="1">
              <lines>
                <line number="76" hits="1" branch="False" />
                <line number="77" hits="1" branch="False" />
                <line number="78" hits="1" branch="False" />
                <line number="79" hits="1" branch="False" />
              </lines>
            </method>
            <method name="Show" signature="()" line-rate="1" branch-rate="1" complexity="1">
              <lines>
                <line number="82" hits="1" branch="False" />
                <line number="83" hits="1" branch="False" />
                <line number="84" hits="1" branch="False" />
                <line number="85" hits="1" branch="False" />
              </lines>
            </method>
            <method name="ShallowCopy" signature="()" line-rate="0" branch-rate="1" complexity="1">
              <lines>
                <line number="89" hits="0" branch="False" />
                <line number="90" hits="0" branch="False" />
                <line number="91" hits="0" branch="False" />
              </lines>
            </method>
            <method name="Clone" signature="()" line-rate="1" branch-rate="1" complexity="1">
              <lines>
                <line number="95" hits="2" branch="False" />
                <line number="96" hits="2" branch="False" />
                <line number="97" hits="2" branch="False" />
              </lines>
            </method>
            <method name=".ctor" signature="()" line-rate="1" branch-rate="1" complexity="1">
              <lines>
                <line number="13" hits="191" branch="False" />
                <line number="14" hits="191" branch="False" />
                <line number="16" hits="191" branch="False" />
                <line number="25" hits="168" branch="False" />
                <line number="26" hits="168" branch="False" />
                <line number="27" hits="168" branch="False" />
                <line number="28" hits="168" branch="False" />
              </lines>
            </method>
            <method name=".ctor" signature="(System.String,System.Int32,System.String,System.Boolean,System.String,System.Int32)" line-rate="1" branch-rate="1" complexity="1">
              <lines>
                <line number="40" hits="23" branch="False" />
                <line number="41" hits="23" branch="False" />
                <line number="42" hits="23" branch="False" />
                <line number="43" hits="23" branch="False" />
              </lines>
            </method>
          </methods>
          <lines>
            <line number="19" hits="75" branch="False" />
            <line number="20" hits="537" branch="False" />
            <line number="46" hits="0" branch="False" />
            <line number="47" hits="0" branch="False" />
            <line number="48" hits="0" branch="False" />
            <line number="50" hits="0" branch="False" />
            <line number="53" hits="155" branch="False" />
            <line number="54" hits="155" branch="False" />
            <line number="55" hits="155" branch="False" />
            <line number="56" hits="155" branch="False" />
            <line number="57" hits="155" branch="False" />
            <line number="58" hits="155" branch="False" />
            <line number="59" hits="155" branch="False" />
            <line number="60" hits="155" branch="False" />
            <line number="63" hits="12" branch="False" />
            <line number="64" hits="12" branch="True" condition-coverage="100% (2/2)">
              <conditions>
                <condition number="14" type="jump" coverage="100%" />
              </conditions>
            </line>
            <line number="65" hits="11" branch="False" />
            <line number="66" hits="11" branch="True" condition-coverage="100% (8/8)">
              <conditions>
                <condition number="29" type="jump" coverage="100%" />
                <condition number="43" type="jump" coverage="100%" />
                <condition number="62" type="jump" coverage="100%" />
                <condition number="81" type="jump" coverage="100%" />
              </conditions>
            </line>
            <line number="67" hits="11" branch="False" />
            <line number="68" hits="11" branch="False" />
            <line number="69" hits="11" branch="False" />
            <line number="72" hits="1" branch="False" />
            <line number="73" hits="12" branch="False" />
            <line number="76" hits="1" branch="False" />
            <line number="77" hits="1" branch="False" />
            <line number="78" hits="1" branch="False" />
            <line number="79" hits="1" branch="False" />
            <line number="82" hits="1" branch="False" />
            <line number="83" hits="1" branch="False" />
            <line number="84" hits="1" branch="False" />
            <line number="85" hits="1" branch="False" />
            <line number="89" hits="0" branch="False" />
            <line number="90" hits="0" branch="False" />
            <line number="91" hits="0" branch="False" />
            <line number="95" hits="2" branch="False" />
            <line number="96" hits="2" branch="False" />
            <line number="97" hits="2" branch="False" />
            <line number="13" hits="191" branch="False" />
            <line number="14" hits="191" branch="False" />
            <line number="16" hits="191" branch="False" />
            <line number="25" hits="168" branch="False" />
            <line number="26" hits="168" branch="False" />
            <line number="27" hits="168" branch="False" />
            <line number="28" hits="168" branch="False" />
            <line number="40" hits="23" branch="False" />
            <line number="41" hits="23" branch="False" />
            <line number="42" hits="23" branch="False" />
            <line number="43" hits="23" branch="False" />
          </lines>
        </class>
        <class name="AnimalLibrary.Bird" filename="Desktop\Домашка\Программирование\Лабораторная работа №11\LabWork11Git\AnimalLibrary\Bird.cs" line-rate="0.8490000000000001" branch-rate="1" complexity="21">
          <methods>
            <method name="get_FlyAbility" signature="()" line-rate="1" branch-rate="1" complexity="1">
              <lines>
                <line number="17" hits="3579" branch="False" />
              </lines>
            </method>
            <method name="set_FlyAbility" signature="(System.Boolean)" line-rate="1" branch-rate="1" complexity="1">
              <lines>
                <line number="18" hits="3939" branch="False" />
              </lines>
            </method>
            <method name="get_BaseAnimal" signature="()" line-rate="1" branch-rate="1" complexity="1">
              <lines>
                <line number="25" hits="3137" branch="False" />
                <line number="26" hits="3137" branch="False" />
                <line number="27" hits="3137" branch="False" />
              </lines>
            </method>
            <method name="Init" signature="()" line-rate="0" branch-rate="1" complexity="1">
              <lines>
                <line number="48" hits="0" branch="False" />
                <line number="49" hits="0" branch="False" />
                <line number="50" hits="0" branch="False" />
                <line number="51" hits="0" branch="False" />
              </lines>
            </method>
            <method name="RandomInit" signature="()" line-rate="1" branch-rate="1" complexity="1">
              <lines>
                <line number="54" hits="1278" branch="False" />
                <line number="55" hits="1278" branch="False" />
                <line number="56" hits="1278" branch="False" />
                <line number="57" hits="1278" branch="False" />
                <line number="58" hits="1278" branch="False" />
                <line number="59" hits="1278" branch="False" />
                <line number="60" hits="1278" branch="False" />
              </lines>
            </method>
            <method name="Equals" signature="(System.Object)" line-rate="1" branch-rate="1" complexity="8">
              <lines>
                <line number="64" hits="14" branch="False" />
                <line number="65" hits="14" branch="True" condition-coverage="100% (2/2)">
                  <conditions>
                    <condition number="14" type="jump" coverage="100%" />
                  </conditions>
                </line>
                <line number="66" hits="13" branch="False" />
                <line number="67" hits="13" branch="True" condition-coverage="100% (6/6)">
                  <conditions>
                    <condition number="29" type="jump" coverage="100%" />
                    <condition number="43" type="jump" coverage="100%" />
                    <condition number="62" type="jump" coverage="100%" />
                  </conditions>
                </line>
                <line number="68" hits="13" branch="False" />
                <line number="69" hits="13" branch="False" />
                <line number="72" hits="1" branch="False" />
                <line number="73" hits="14" branch="False" />
              </lines>
            </method>
            <method name="GetHashCode" signature="()" line-rate="0" branch-rate="1" complexity="1">
              <lines>
                <line number="75" hits="0" branch="False" />
                <line number="77" hits="0" branch="False" />
                <line number="78" hits="0" branch="False" />
                <line number="79" hits="0" branch="False" />
              </lines>
            </method>
            <method name="Print" signature="()" line-rate="1" branch-rate="1" complexity="1">
              <lines>
                <line number="82" hits="1" branch="False" />
                <line number="83" hits="1" branch="False" />
                <line number="84" hits="1" branch="False" />
              </lines>
            </method>
            <method name="Show" signature="()" line-rate="1" branch-rate="1" complexity="1">
              <lines>
                <line number="87" hits="1" branch="False" />
                <line number="88" hits="1" branch="False" />
                <line number="89" hits="1" branch="False" />
              </lines>
            </method>
            <method name="ShallowCopy" signature="()" line-rate="1" branch-rate="1" complexity="1">
              <lines>
                <line number="93" hits="1" branch="False" />
                <line number="94" hits="1" branch="False" />
                <line number="95" hits="1" branch="False" />
              </lines>
            </method>
            <method name="Clone" signature="()" line-rate="1" branch-rate="1" complexity="1">
              <lines>
                <line number="99" hits="5" branch="False" />
                <line number="100" hits="5" branch="False" />
                <line number="101" hits="5" branch="False" />
              </lines>
            </method>
            <method name="ToString" signature="()" line-rate="1" branch-rate="1" complexity="1">
              <lines>
                <line number="104" hits="1154" branch="False" />
                <line number="105" hits="1154" branch="False" />
                <line number="106" hits="1154" branch="False" />
              </lines>
            </method>
            <method name=".ctor" signature="()" line-rate="1" branch-rate="1" complexity="1">
              <lines>
                <line number="13" hits="1327" branch="False" />
                <line number="14" hits="1327" branch="False" />
                <line number="31" hits="1293" branch="False" />
                <line number="32" hits="1293" branch="False" />
                <line number="33" hits="1293" branch="False" />
                <line number="34" hits="1293" branch="False" />
              </lines>
            </method>
            <method name=".ctor" signature="(System.String,System.Int32,System.String,System.Boolean,System.Int32)" line-rate="1" branch-rate="1" complexity="1">
              <lines>
                <line number="38" hits="34" branch="False" />
                <line number="39" hits="34" branch="False" />
                <line number="40" hits="34" branch="False" />
                <line number="41" hits="34" branch="False" />
              </lines>
            </method>
          </methods>
          <lines>
            <line number="17" hits="3579" branch="False" />
            <line number="18" hits="3939" branch="False" />
            <line number="25" hits="3137" branch="False" />
            <line number="26" hits="3137" branch="False" />
            <line number="27" hits="3137" branch="False" />
            <line number="48" hits="0" branch="False" />
            <line number="49" hits="0" branch="False" />
            <line number="50" hits="0" branch="False" />
            <line number="51" hits="0" branch="False" />
            <line number="54" hits="1278" branch="False" />
            <line number="55" hits="1278" branch="False" />
            <line number="56" hits="1278" branch="False" />
            <line number="57" hits="1278" branch="False" />
            <line number="58" hits="1278" branch="False" />
            <line number="59" hits="1278" branch="False" />
            <line number="60" hits="1278" branch="False" />
            <line number="64" hits="14" branch="False" />
            <line number="65" hits="14" branch="True" condition-coverage="100% (2/2)">
              <conditions>
                <condition number="14" type="jump" coverage="100%" />
              </conditions>
            </line>
            <line number="66" hits="13" branch="False" />
            <line number="67" hits="13" branch="True" condition-coverage="100% (6/6)">
              <conditions>
                <condition number="29" type="jump" coverage="100%" />
                <condition number="43" type="jump" coverage="100%" />
                <condition number="62" type="jump" coverage="100%" />
              </conditions>
            </line>
            <line number="68" hits="13" branch="False" />
            <line number="69" hits="13" branch="False" />
            <line number="72" hits="1" branch="False" />
            <line number="73" hits="14" branch="False" />
            <line number="75" hits="0" branch="False" />
            <line number="77" hits="0" branch="False" />
            <line number="78" hits="0" branch="False" />
            <line number="79" hits="0" branch="False" />
            <line number="82" hits="1" branch="False" />
            <line number="83" hits="1" branch="False" />
            <line number="84" hits="1" branch="False" />
            <line number="87" hits="1" branch="False" />
            <line number="88" hits="1" branch="False" />
            <line number="89" hits="1" branch="False" />
            <line number="93" hits="1" branch="False" />
            <line number="94" hits="1" branch="False" />
            <line number="95" hits="1" branch="False" />
            <line number="99" hits="5" branch="False" />
            <line number="100" hits="5" branch="False" />
            <line number="101" hits="5" branch="False" />
            <line number="104" hits="1154" branch="False" />
            <line number="105" hits="1154" branch="False" />
            <line number="106" hits="1154" branch="False" />
            <line number="13" hits="1327" branch="False" />
            <line number="14" hits="1327" branch="False" />
            <line number="31" hits="1293" branch="False" />
            <line number="32" hits="1293" branch="False" />
            <line number="33" hits="1293" branch="False" />
            <line number="34" hits="1293" branch="False" />
            <line number="38" hits="34" branch="False" />
            <line number="39" hits="34" branch="False" />
            <line number="40" hits="34" branch="False" />
            <line number="41" hits="34" branch="False" />
          </lines>
        </class>
        <class name="AnimalLibrary.Car" filename="Desktop\Домашка\Программирование\Лабораторная работа №11\LabWork11Git\AnimalLibrary\Car.cs" line-rate="0.8679000000000001" branch-rate="1" complexity="16">
          <methods>
            <method name="get_Name" signature="()" line-rate="1" branch-rate="1" complexity="1">
              <lines>
                <line number="24" hits="39" branch="False" />
              </lines>
            </method>
            <method name="set_Name" signature="(System.String)" line-rate="1" branch-rate="1" complexity="2">
              <lines>
                <line number="26" hits="17" branch="False" />
                <line number="27" hits="17" branch="True" condition-coverage="100% (2/2)">
                  <conditions>
                    <condition number="22" type="jump" coverage="100%" />
                  </conditions>
                </line>
                <line number="28" hits="1" branch="False" />
                <line number="29" hits="1" branch="False" />
                <line number="30" hits="1" branch="False" />
                <line number="31" hits="1" branch="False" />
                <line number="32" hits="1" branch="False" />
                <line number="33" hits="48" branch="False" />
                <line number="34" hits="17" branch="False" />
              </lines>
            </method>
            <method name="get_MaxSpeed" signature="()" line-rate="1" branch-rate="1" complexity="1">
              <lines>
                <line number="40" hits="48" branch="False" />
              </lines>
            </method>
            <method name="set_MaxSpeed" signature="(System.Int32)" line-rate="1" branch-rate="1" complexity="4">
              <lines>
                <line number="42" hits="17" branch="False" />
                <line number="43" hits="17" branch="True" condition-coverage="100% (2/2)">
                  <conditions>
                    <condition number="11" type="jump" coverage="100%" />
                  </conditions>
                </line>
                <line number="44" hits="1" branch="False" />
                <line number="45" hits="1" branch="False" />
                <line number="46" hits="1" branch="False" />
                <line number="47" hits="1" branch="False" />
                <line number="48" hits="1" branch="False" />
                <line number="49" hits="16" branch="True" condition-coverage="100% (2/2)">
                  <conditions>
                    <condition number="50" type="jump" coverage="100%" />
                  </conditions>
                </line>
                <line number="50" hits="1" branch="False" />
                <line number="51" hits="1" branch="False" />
                <line number="52" hits="1" branch="False" />
                <line number="53" hits="1" branch="False" />
                <line number="54" hits="1" branch="False" />
                <line number="55" hits="45" branch="False" />
                <line number="56" hits="17" branch="False" />
              </lines>
            </method>
            <method name="Init" signature="()" line-rate="0" branch-rate="1" complexity="1">
              <lines>
                <line number="67" hits="0" branch="False" />
                <line number="68" hits="0" branch="False" />
                <line number="69" hits="0" branch="False" />
                <line number="70" hits="0" branch="False" />
              </lines>
            </method>
            <method name="RandomInit" signature="()" line-rate="1" branch-rate="1" complexity="1">
              <lines>
                <line number="73" hits="1" branch="False" />
                <line number="74" hits="1" branch="False" />
                <line number="75" hits="1" branch="False" />
                <line number="76" hits="1" branch="False" />
              </lines>
            </method>
            <method name="Show" signature="()" line-rate="0" branch-rate="1" complexity="1">
              <lines>
                <line number="79" hits="0" branch="False" />
                <line number="80" hits="0" branch="False" />
                <line number="81" hits="0" branch="False" />
              </lines>
            </method>
            <method name="Equals" signature="(System.Object)" line-rate="1" branch-rate="1" complexity="4">
              <lines>
                <line number="84" hits="8" branch="False" />
                <line number="85" hits="8" branch="True" condition-coverage="100% (2/2)">
                  <conditions>
                    <condition number="14" type="jump" coverage="100%" />
                  </conditions>
                </line>
                <line number="86" hits="7" branch="False" />
                <line number="87" hits="7" branch="True" condition-coverage="100% (2/2)">
                  <conditions>
                    <condition number="29" type="jump" coverage="100%" />
                  </conditions>
                </line>
                <line number="88" hits="7" branch="False" />
                <line number="91" hits="1" branch="False" />
                <line number="92" hits="8" branch="False" />
              </lines>
            </method>
            <method name=".ctor" signature="(System.String,System.Int32)" line-rate="1" branch-rate="1" complexity="1">
              <lines>
                <line number="16" hits="16" branch="False" />
                <line number="17" hits="16" branch="False" />
                <line number="18" hits="16" branch="False" />
                <line number="19" hits="16" branch="False" />
                <line number="60" hits="16" branch="False" />
                <line number="61" hits="16" branch="False" />
                <line number="62" hits="16" branch="False" />
                <line number="63" hits="16" branch="False" />
                <line number="64" hits="16" branch="False" />
              </lines>
            </method>
          </methods>
          <lines>
            <line number="24" hits="39" branch="False" />
            <line number="26" hits="17" branch="False" />
            <line number="27" hits="17" branch="True" condition-coverage="100% (2/2)">
              <conditions>
                <condition number="22" type="jump" coverage="100%" />
              </conditions>
            </line>
            <line number="28" hits="1" branch="False" />
            <line number="29" hits="1" branch="False" />
            <line number="30" hits="1" branch="False" />
            <line number="31" hits="1" branch="False" />
            <line number="32" hits="1" branch="False" />
            <line number="33" hits="48" branch="False" />
            <line number="34" hits="17" branch="False" />
            <line number="40" hits="48" branch="False" />
            <line number="42" hits="17" branch="False" />
            <line number="43" hits="17" branch="True" condition-coverage="100% (2/2)">
              <conditions>
                <condition number="11" type="jump" coverage="100%" />
              </conditions>
            </line>
            <line number="44" hits="1" branch="False" />
            <line number="45" hits="1" branch="False" />
            <line number="46" hits="1" branch="False" />
            <line number="47" hits="1" branch="False" />
            <line number="48" hits="1" branch="False" />
            <line number="49" hits="16" branch="True" condition-coverage="100% (2/2)">
              <conditions>
                <condition number="50" type="jump" coverage="100%" />
              </conditions>
            </line>
            <line number="50" hits="1" branch="False" />
            <line number="51" hits="1" branch="False" />
            <line number="52" hits="1" branch="False" />
            <line number="53" hits="1" branch="False" />
            <line number="54" hits="1" branch="False" />
            <line number="55" hits="45" branch="False" />
            <line number="56" hits="17" branch="False" />
            <line number="67" hits="0" branch="False" />
            <line number="68" hits="0" branch="False" />
            <line number="69" hits="0" branch="False" />
            <line number="70" hits="0" branch="False" />
            <line number="73" hits="1" branch="False" />
            <line number="74" hits="1" branch="False" />
            <line number="75" hits="1" branch="False" />
            <line number="76" hits="1" branch="False" />
            <line number="79" hits="0" branch="False" />
            <line number="80" hits="0" branch="False" />
            <line number="81" hits="0" branch="False" />
            <line number="84" hits="8" branch="False" />
            <line number="85" hits="8" branch="True" condition-coverage="100% (2/2)">
              <conditions>
                <condition number="14" type="jump" coverage="100%" />
              </conditions>
            </line>
            <line number="86" hits="7" branch="False" />
            <line number="87" hits="7" branch="True" condition-coverage="100% (2/2)">
              <conditions>
                <condition number="29" type="jump" coverage="100%" />
              </conditions>
            </line>
            <line number="88" hits="7" branch="False" />
            <line number="91" hits="1" branch="False" />
            <line number="92" hits="8" branch="False" />
            <line number="16" hits="16" branch="False" />
            <line number="17" hits="16" branch="False" />
            <line number="18" hits="16" branch="False" />
            <line number="19" hits="16" branch="False" />
            <line number="60" hits="16" branch="False" />
            <line number="61" hits="16" branch="False" />
            <line number="62" hits="16" branch="False" />
            <line number="63" hits="16" branch="False" />
            <line number="64" hits="16" branch="False" />
          </lines>
        </class>
        <class name="AnimalLibrary.Dialog" filename="Desktop\Домашка\Программирование\Лабораторная работа №11\LabWork11Git\AnimalLibrary\Dialog.cs" line-rate="0.07139999999999999" branch-rate="0.0555" complexity="38">
          <methods>
            <method name="EnterNumber" signature="(System.String,System.Int32,System.Int32)" line-rate="0" branch-rate="0" complexity="6">
              <lines>
                <line number="18" hits="0" branch="False" />
                <line number="19" hits="0" branch="False" />
                <line number="20" hits="0" branch="False" />
                <line number="22" hits="0" branch="False" />
                <line number="23" hits="0" branch="False" />
                <line number="25" hits="0" branch="False" />
                <line number="26" hits="0" branch="False" />
                <line number="27" hits="0" branch="True" condition-coverage="0% (0/4)">
                  <conditions>
                    <condition number="27" type="jump" coverage="0%" />
                    <condition number="41" type="jump" coverage="0%" />
                  </conditions>
                </line>
                <line number="28" hits="0" branch="False" />
                <line number="29" hits="0" branch="False" />
                <line number="30" hits="0" branch="False" />
                <line number="32" hits="0" branch="False" />
                <line number="33" hits="0" branch="False" />
                <line number="34" hits="0" branch="False" />
                <line number="35" hits="0" branch="False" />
                <line number="37" hits="0" branch="False" />
                <line number="38" hits="0" branch="False" />
                <line number="39" hits="0" branch="False" />
                <line number="40" hits="0" branch="False" />
                <line number="42" hits="0" branch="False" />
                <line number="43" hits="0" branch="False" />
                <line number="44" hits="0" branch="False" />
                <line number="45" hits="0" branch="False" />
                <line number="47" hits="0" branch="False" />
                <line number="48" hits="0" branch="False" />
                <line number="49" hits="0" branch="False" />
                <line number="50" hits="0" branch="False" />
                <line number="51" hits="0" branch="True" condition-coverage="0% (0/2)">
                  <conditions>
                    <condition number="140" type="jump" coverage="0%" />
                  </conditions>
                </line>
                <line number="52" hits="0" branch="False" />
                <line number="53" hits="0" branch="False" />
              </lines>
            </method>
            <method name="EnterString" signature="(System.String,System.Boolean)" line-rate="0" branch-rate="0" complexity="6">
              <lines>
                <line number="57" hits="0" branch="False" />
                <line number="58" hits="0" branch="False" />
                <line number="59" hits="0" branch="False" />
                <line number="60" hits="0" branch="False" />
                <line number="62" hits="0" branch="False" />
                <line number="63" hits="0" branch="False" />
                <line number="64" hits="0" branch="False" />
                <line number="66" hits="0" branch="True" condition-coverage="0% (0/2)">
                  <conditions>
                    <condition number="38" type="jump" coverage="0%" />
                  </conditions>
                </line>
                <line number="67" hits="0" branch="False" />
                <line number="68" hits="0" branch="False" />
                <line number="69" hits="0" branch="False" />
                <line number="71" hits="0" branch="True" condition-coverage="0% (0/2)">
                  <conditions>
                    <condition number="52" type="jump" coverage="0%" />
                  </conditions>
                </line>
                <line number="72" hits="0" branch="False" />
                <line number="73" hits="0" branch="False" />
                <line number="74" hits="0" branch="False" />
                <line number="76" hits="0" branch="False" />
                <line number="77" hits="0" branch="False" />
                <line number="78" hits="0" branch="False" />
                <line number="79" hits="0" branch="True" condition-coverage="0% (0/2)">
                  <conditions>
                    <condition number="87" type="jump" coverage="0%" />
                  </conditions>
                </line>
                <line number="80" hits="0" branch="False" />
                <line number="81" hits="0" branch="False" />
              </lines>
            </method>
            <method name="EnterBool" signature="(System.String)" line-rate="0" branch-rate="0" complexity="12">
              <lines>
                <line number="85" hits="0" branch="False" />
                <line number="86" hits="0" branch="False" />
                <line number="87" hits="0" branch="False" />
                <line number="89" hits="0" branch="False" />
                <line number="90" hits="0" branch="False" />
                <line number="91" hits="0" branch="False" />
                <line number="92" hits="0" branch="False" />
                <line number="93" hits="0" branch="True" condition-coverage="0% (0/2)">
                  <conditions>
                    <condition number="34" type="jump" coverage="0%" />
                  </conditions>
                </line>
                <line number="94" hits="0" branch="False" />
                <line number="95" hits="0" branch="True" condition-coverage="0% (0/8)">
                  <conditions>
                    <condition number="61" type="jump" coverage="0%" />
                    <condition number="75" type="jump" coverage="0%" />
                    <condition number="89" type="jump" coverage="0%" />
                    <condition number="103" type="jump" coverage="0%" />
                  </conditions>
                </line>
                <line number="98" hits="0" branch="False" />
                <line number="99" hits="0" branch="False" />
                <line number="100" hits="0" branch="False" />
                <line number="102" hits="0" branch="False" />
                <line number="103" hits="0" branch="False" />
                <line number="104" hits="0" branch="False" />
                <line number="106" hits="0" branch="False" />
                <line number="107" hits="0" branch="False" />
                <line number="108" hits="0" branch="False" />
                <line number="110" hits="0" branch="False" />
                <line number="111" hits="0" branch="False" />
                <line number="112" hits="0" branch="False" />
                <line number="114" hits="0" branch="False" />
                <line number="115" hits="0" branch="False" />
                <line number="118" hits="0" branch="False" />
                <line number="119" hits="0" branch="True" condition-coverage="0% (0/2)">
                  <conditions>
                    <condition number="159" type="jump" coverage="0%" />
                  </conditions>
                </line>
                <line number="120" hits="0" branch="False" />
                <line number="121" hits="0" branch="False" />
              </lines>
            </method>
            <method name="PrintSpace" signature="(System.Int32)" line-rate="0" branch-rate="0" complexity="2">
              <lines>
                <line number="125" hits="0" branch="False" />
                <line number="126" hits="0" branch="False" />
                <line number="127" hits="0" branch="True" condition-coverage="0% (0/2)">
                  <conditions>
                    <condition number="35" type="jump" coverage="0%" />
                  </conditions>
                </line>
                <line number="128" hits="0" branch="False" />
                <line number="129" hits="0" branch="False" />
                <line number="130" hits="0" branch="False" />
                <line number="131" hits="0" branch="False" />
                <line number="132" hits="0" branch="False" />
              </lines>
            </method>
            <method name="PrintHeader" signature="(System.String)" line-rate="0" branch-rate="1" complexity="1">
              <lines>
                <line number="136" hits="0" branch="False" />
                <line number="137" hits="0" branch="False" />
                <line number="138" hits="0" branch="False" />
                <line number="139" hits="0" branch="False" />
              </lines>
            </method>
            <method name="ColorText" signature="(System.String,System.String)" line-rate="0.5" branch-rate="0.2" complexity="10">
              <lines>
                <line number="143" hits="3" branch="False" />
                <line number="144" hits="3" branch="False" />
                <line number="145" hits="3" branch="True" condition-coverage="20% (2/10)">
                  <conditions>
                    <condition number="23" type="jump" coverage="50%" />
                    <condition number="36" type="jump" coverage="0%" />
                    <condition number="49" type="jump" coverage="0%" />
                    <condition number="62" type="jump" coverage="0%" />
                    <condition number="75" type="jump" coverage="50%" />
                  </conditions>
                </line>
                <line number="148" hits="3" branch="False" />
                <line number="149" hits="3" branch="False" />
                <line number="151" hits="0" branch="False" />
                <line number="152" hits="0" branch="False" />
                <line number="154" hits="0" branch="False" />
                <line number="155" hits="0" branch="False" />
                <line number="157" hits="0" branch="False" />
                <line number="158" hits="0" branch="False" />
                <line number="160" hits="0" branch="False" />
                <line number="161" hits="0" branch="False" />
                <line number="163" hits="3" branch="False" />
                <line number="164" hits="3" branch="False" />
                <line number="165" hits="3" branch="False" />
              </lines>
            </method>
            <method name="BackMessage" signature="()" line-rate="0" branch-rate="1" complexity="1">
              <lines>
                <line number="169" hits="0" branch="False" />
                <line number="170" hits="0" branch="False" />
                <line number="171" hits="0" branch="False" />
                <line number="172" hits="0" branch="False" />
                <line number="173" hits="0" branch="False" />
              </lines>
            </method>
          </methods>
          <lines>
            <line number="18" hits="0" branch="False" />
            <line number="19" hits="0" branch="False" />
            <line number="20" hits="0" branch="False" />
            <line number="22" hits="0" branch="False" />
            <line number="23" hits="0" branch="False" />
            <line number="25" hits="0" branch="False" />
            <line number="26" hits="0" branch="False" />
            <line number="27" hits="0" branch="True" condition-coverage="0% (0/4)">
              <conditions>
                <condition number="27" type="jump" coverage="0%" />
                <condition number="41" type="jump" coverage="0%" />
              </conditions>
            </line>
            <line number="28" hits="0" branch="False" />
            <line number="29" hits="0" branch="False" />
            <line number="30" hits="0" branch="False" />
            <line number="32" hits="0" branch="False" />
            <line number="33" hits="0" branch="False" />
            <line number="34" hits="0" branch="False" />
            <line number="35" hits="0" branch="False" />
            <line number="37" hits="0" branch="False" />
            <line number="38" hits="0" branch="False" />
            <line number="39" hits="0" branch="False" />
            <line number="40" hits="0" branch="False" />
            <line number="42" hits="0" branch="False" />
            <line number="43" hits="0" branch="False" />
            <line number="44" hits="0" branch="False" />
            <line number="45" hits="0" branch="False" />
            <line number="47" hits="0" branch="False" />
            <line number="48" hits="0" branch="False" />
            <line number="49" hits="0" branch="False" />
            <line number="50" hits="0" branch="False" />
            <line number="51" hits="0" branch="True" condition-coverage="0% (0/2)">
              <conditions>
                <condition number="140" type="jump" coverage="0%" />
              </conditions>
            </line>
            <line number="52" hits="0" branch="False" />
            <line number="53" hits="0" branch="False" />
            <line number="57" hits="0" branch="False" />
            <line number="58" hits="0" branch="False" />
            <line number="59" hits="0" branch="False" />
            <line number="60" hits="0" branch="False" />
            <line number="62" hits="0" branch="False" />
            <line number="63" hits="0" branch="False" />
            <line number="64" hits="0" branch="False" />
            <line number="66" hits="0" branch="True" condition-coverage="0% (0/2)">
              <conditions>
                <condition number="38" type="jump" coverage="0%" />
              </conditions>
            </line>
            <line number="67" hits="0" branch="False" />
            <line number="68" hits="0" branch="False" />
            <line number="69" hits="0" branch="False" />
            <line number="71" hits="0" branch="True" condition-coverage="0% (0/2)">
              <conditions>
                <condition number="52" type="jump" coverage="0%" />
              </conditions>
            </line>
            <line number="72" hits="0" branch="False" />
            <line number="73" hits="0" branch="False" />
            <line number="74" hits="0" branch="False" />
            <line number="76" hits="0" branch="False" />
            <line number="77" hits="0" branch="False" />
            <line number="78" hits="0" branch="False" />
            <line number="79" hits="0" branch="True" condition-coverage="0% (0/2)">
              <conditions>
                <condition number="87" type="jump" coverage="0%" />
              </conditions>
            </line>
            <line number="80" hits="0" branch="False" />
            <line number="81" hits="0" branch="False" />
            <line number="85" hits="0" branch="False" />
            <line number="86" hits="0" branch="False" />
            <line number="87" hits="0" branch="False" />
            <line number="89" hits="0" branch="False" />
            <line number="90" hits="0" branch="False" />
            <line number="91" hits="0" branch="False" />
            <line number="92" hits="0" branch="False" />
            <line number="93" hits="0" branch="True" condition-coverage="0% (0/2)">
              <conditions>
                <condition number="34" type="jump" coverage="0%" />
              </conditions>
            </line>
            <line number="94" hits="0" branch="False" />
            <line number="95" hits="0" branch="True" condition-coverage="0% (0/8)">
              <conditions>
                <condition number="61" type="jump" coverage="0%" />
                <condition number="75" type="jump" coverage="0%" />
                <condition number="89" type="jump" coverage="0%" />
                <condition number="103" type="jump" coverage="0%" />
              </conditions>
            </line>
            <line number="98" hits="0" branch="False" />
            <line number="99" hits="0" branch="False" />
            <line number="100" hits="0" branch="False" />
            <line number="102" hits="0" branch="False" />
            <line number="103" hits="0" branch="False" />
            <line number="104" hits="0" branch="False" />
            <line number="106" hits="0" branch="False" />
            <line number="107" hits="0" branch="False" />
            <line number="108" hits="0" branch="False" />
            <line number="110" hits="0" branch="False" />
            <line number="111" hits="0" branch="False" />
            <line number="112" hits="0" branch="False" />
            <line number="114" hits="0" branch="False" />
            <line number="115" hits="0" branch="False" />
            <line number="118" hits="0" branch="False" />
            <line number="119" hits="0" branch="True" condition-coverage="0% (0/2)">
              <conditions>
                <condition number="159" type="jump" coverage="0%" />
              </conditions>
            </line>
            <line number="120" hits="0" branch="False" />
            <line number="121" hits="0" branch="False" />
            <line number="125" hits="0" branch="False" />
            <line number="126" hits="0" branch="False" />
            <line number="127" hits="0" branch="True" condition-coverage="0% (0/2)">
              <conditions>
                <condition number="35" type="jump" coverage="0%" />
              </conditions>
            </line>
            <line number="128" hits="0" branch="False" />
            <line number="129" hits="0" branch="False" />
            <line number="130" hits="0" branch="False" />
            <line number="131" hits="0" branch="False" />
            <line number="132" hits="0" branch="False" />
            <line number="136" hits="0" branch="False" />
            <line number="137" hits="0" branch="False" />
            <line number="138" hits="0" branch="False" />
            <line number="139" hits="0" branch="False" />
            <line number="143" hits="3" branch="False" />
            <line number="144" hits="3" branch="False" />
            <line number="145" hits="3" branch="True" condition-coverage="20% (2/10)">
              <conditions>
                <condition number="23" type="jump" coverage="50%" />
                <condition number="36" type="jump" coverage="0%" />
                <condition number="49" type="jump" coverage="0%" />
                <condition number="62" type="jump" coverage="0%" />
                <condition number="75" type="jump" coverage="50%" />
              </conditions>
            </line>
            <line number="148" hits="3" branch="False" />
            <line number="149" hits="3" branch="False" />
            <line number="151" hits="0" branch="False" />
            <line number="152" hits="0" branch="False" />
            <line number="154" hits="0" branch="False" />
            <line number="155" hits="0" branch="False" />
            <line number="157" hits="0" branch="False" />
            <line number="158" hits="0" branch="False" />
            <line number="160" hits="0" branch="False" />
            <line number="161" hits="0" branch="False" />
            <line number="163" hits="3" branch="False" />
            <line number="164" hits="3" branch="False" />
            <line number="165" hits="3" branch="False" />
            <line number="169" hits="0" branch="False" />
            <line number="170" hits="0" branch="False" />
            <line number="171" hits="0" branch="False" />
            <line number="172" hits="0" branch="False" />
            <line number="173" hits="0" branch="False" />
          </lines>
        </class>
        <class name="AnimalLibrary.Mammal" filename="Desktop\Домашка\Программирование\Лабораторная работа №11\LabWork11Git\AnimalLibrary\Mammal.cs" line-rate="0.8371999999999999" branch-rate="1" complexity="18">
          <methods>
            <method name="get_IsWoolen" signature="()" line-rate="1" branch-rate="1" complexity="1">
              <lines>
                <line number="19" hits="132" branch="False" />
              </lines>
            </method>
            <method name="set_IsWoolen" signature="(System.Boolean)" line-rate="1" branch-rate="1" complexity="1">
              <lines>
                <line number="20" hits="1029" branch="False" />
              </lines>
            </method>
            <method name="Init" signature="()" line-rate="0" branch-rate="1" complexity="1">
              <lines>
                <line number="43" hits="0" branch="False" />
                <line number="44" hits="0" branch="False" />
                <line number="45" hits="0" branch="False" />
                <line number="46" hits="0" branch="False" />
              </lines>
            </method>
            <method name="RandomInit" signature="()" line-rate="1" branch-rate="1" complexity="1">
              <lines>
                <line number="49" hits="140" branch="False" />
                <line number="50" hits="140" branch="False" />
                <line number="51" hits="140" branch="False" />
                <line number="52" hits="140" branch="False" />
                <line number="53" hits="140" branch="False" />
                <line number="54" hits="140" branch="False" />
                <line number="55" hits="140" branch="False" />
              </lines>
            </method>
            <method name="Equals" signature="(System.Object)" line-rate="1" branch-rate="1" complexity="8">
              <lines>
                <line number="59" hits="12" branch="False" />
                <line number="60" hits="12" branch="True" condition-coverage="100% (2/2)">
                  <conditions>
                    <condition number="14" type="jump" coverage="100%" />
                  </conditions>
                </line>
                <line number="61" hits="11" branch="False" />
                <line number="62" hits="11" branch="True" condition-coverage="100% (6/6)">
                  <conditions>
                    <condition number="29" type="jump" coverage="100%" />
                    <condition number="43" type="jump" coverage="100%" />
                    <condition number="62" type="jump" coverage="100%" />
                  </conditions>
                </line>
                <line number="63" hits="11" branch="False" />
                <line number="64" hits="11" branch="False" />
                <line number="67" hits="1" branch="False" />
                <line number="68" hits="12" branch="False" />
              </lines>
            </method>
            <method name="Print" signature="()" line-rate="1" branch-rate="1" complexity="1">
              <lines>
                <line number="71" hits="1" branch="False" />
                <line number="72" hits="1" branch="False" />
                <line number="73" hits="1" branch="False" />
              </lines>
            </method>
            <method name="Show" signature="()" line-rate="1" branch-rate="1" complexity="1">
              <lines>
                <line number="75" hits="1" branch="False" />
                <line number="76" hits="1" branch="False" />
                <line number="77" hits="1" branch="False" />
              </lines>
            </method>
            <method name="ShallowCopy" signature="()" line-rate="0" branch-rate="1" complexity="1">
              <lines>
                <line number="81" hits="0" branch="False" />
                <line number="82" hits="0" branch="False" />
                <line number="83" hits="0" branch="False" />
              </lines>
            </method>
            <method name="Clone" signature="()" line-rate="1" branch-rate="1" complexity="1">
              <lines>
                <line number="87" hits="2" branch="False" />
                <line number="88" hits="2" branch="False" />
                <line number="89" hits="2" branch="False" />
              </lines>
            </method>
            <method name=".ctor" signature="()" line-rate="1" branch-rate="1" complexity="1">
              <lines>
                <line number="13" hits="367" branch="False" />
                <line number="14" hits="367" branch="False" />
                <line number="24" hits="321" branch="False" />
                <line number="25" hits="321" branch="False" />
                <line number="26" hits="321" branch="False" />
                <line number="27" hits="321" branch="False" />
              </lines>
            </method>
            <method name=".ctor" signature="(System.String,System.Int32,System.String,System.Boolean,System.Int32)" line-rate="1" branch-rate="1" complexity="1">
              <lines>
                <line number="37" hits="46" branch="False" />
                <line number="38" hits="46" branch="False" />
                <line number="39" hits="46" branch="False" />
                <line number="40" hits="46" branch="False" />
              </lines>
            </method>
          </methods>
          <lines>
            <line number="19" hits="132" branch="False" />
            <line number="20" hits="1029" branch="False" />
            <line number="43" hits="0" branch="False" />
            <line number="44" hits="0" branch="False" />
            <line number="45" hits="0" branch="False" />
            <line number="46" hits="0" branch="False" />
            <line number="49" hits="140" branch="False" />
            <line number="50" hits="140" branch="False" />
            <line number="51" hits="140" branch="False" />
            <line number="52" hits="140" branch="False" />
            <line number="53" hits="140" branch="False" />
            <line number="54" hits="140" branch="False" />
            <line number="55" hits="140" branch="False" />
            <line number="59" hits="12" branch="False" />
            <line number="60" hits="12" branch="True" condition-coverage="100% (2/2)">
              <conditions>
                <condition number="14" type="jump" coverage="100%" />
              </conditions>
            </line>
            <line number="61" hits="11" branch="False" />
            <line number="62" hits="11" branch="True" condition-coverage="100% (6/6)">
              <conditions>
                <condition number="29" type="jump" coverage="100%" />
                <condition number="43" type="jump" coverage="100%" />
                <condition number="62" type="jump" coverage="100%" />
              </conditions>
            </line>
            <line number="63" hits="11" branch="False" />
            <line number="64" hits="11" branch="False" />
            <line number="67" hits="1" branch="False" />
            <line number="68" hits="12" branch="False" />
            <line number="71" hits="1" branch="False" />
            <line number="72" hits="1" branch="False" />
            <line number="73" hits="1" branch="False" />
            <line number="75" hits="1" branch="False" />
            <line number="76" hits="1" branch="False" />
            <line number="77" hits="1" branch="False" />
            <line number="81" hits="0" branch="False" />
            <line number="82" hits="0" branch="False" />
            <line number="83" hits="0" branch="False" />
            <line number="87" hits="2" branch="False" />
            <line number="88" hits="2" branch="False" />
            <line number="89" hits="2" branch="False" />
            <line number="13" hits="367" branch="False" />
            <line number="14" hits="367" branch="False" />
            <line number="24" hits="321" branch="False" />
            <line number="25" hits="321" branch="False" />
            <line number="26" hits="321" branch="False" />
            <line number="27" hits="321" branch="False" />
            <line number="37" hits="46" branch="False" />
            <line number="38" hits="46" branch="False" />
            <line number="39" hits="46" branch="False" />
            <line number="40" hits="46" branch="False" />
          </lines>
        </class>
      </classes>
    </package>
    <package name="LabWork11" line-rate="0.2577" branch-rate="0.30820000000000003" complexity="285">
      <classes>
        <class name="LabWork11.ConsoleRedirector" filename="Desktop\Домашка\Программирование\Лабораторная работа №11\LabWork11Git\LabWork11\ConsoleRedirector.cs" line-rate="1" branch-rate="1" complexity="2">
          <methods>
            <method name="ToString" signature="()" line-rate="1" branch-rate="1" complexity="1">
              <lines>
                <line number="22" hits="16" branch="False" />
                <line number="23" hits="16" branch="False" />
                <line number="24" hits="16" branch="False" />
              </lines>
            </method>
            <method name=".ctor" signature="()" line-rate="1" branch-rate="1" complexity="1">
              <lines>
                <line number="12" hits="8" branch="False" />
                <line number="14" hits="8" branch="False" />
                <line number="15" hits="8" branch="False" />
                <line number="16" hits="8" branch="False" />
                <line number="17" hits="8" branch="False" />
                <line number="18" hits="8" branch="False" />
              </lines>
            </method>
          </methods>
          <lines>
            <line number="22" hits="16" branch="False" />
            <line number="23" hits="16" branch="False" />
            <line number="24" hits="16" branch="False" />
            <line number="12" hits="8" branch="False" />
            <line number="14" hits="8" branch="False" />
            <line number="15" hits="8" branch="False" />
            <line number="16" hits="8" branch="False" />
            <line number="17" hits="8" branch="False" />
            <line number="18" hits="8" branch="False" />
          </lines>
        </class>
        <class name="LabWork11.FirstPart" filename="Desktop\Домашка\Программирование\Лабораторная работа №11\LabWork11Git\LabWork11\FirstPart.cs" line-rate="0" branch-rate="0" complexity="68">
          <methods>
            <method name="FPMainPage" signature="()" line-rate="0" branch-rate="1" complexity="1">
              <lines>
                <line number="23" hits="0" branch="False" />
                <line number="24" hits="0" branch="False" />
                <line number="25" hits="0" branch="False" />
                <line number="26" hits="0" branch="False" />
                <line number="27" hits="0" branch="False" />
                <line number="28" hits="0" branch="False" />
                <line number="29" hits="0" branch="False" />
                <line number="30" hits="0" branch="False" />
                <line number="31" hits="0" branch="False" />
                <line number="32" hits="0" branch="False" />
                <line number="33" hits="0" branch="False" />
                <line number="35" hits="0" branch="False" />
              </lines>
            </method>
            <method name="ElementCounter" signature="(System.Int32,System.String,System.String)" line-rate="0" branch-rate="0" complexity="6">
              <lines>
                <line number="39" hits="0" branch="False" />
                <line number="40" hits="0" branch="False" />
                <line number="41" hits="0" branch="True" condition-coverage="0% (0/6)">
                  <conditions>
                    <condition number="15" type="jump" coverage="0%" />
                    <condition number="20" type="jump" coverage="0%" />
                    <condition number="27" type="jump" coverage="0%" />
                  </conditions>
                </line>
                <line number="44" hits="0" branch="False" />
                <line number="45" hits="0" branch="False" />
                <line number="47" hits="0" branch="False" />
                <line number="48" hits="0" branch="False" />
                <line number="50" hits="0" branch="False" />
                <line number="51" hits="0" branch="False" />
[...]
            <line number="72" hits="1" branch="False" />
            <line number="73" hits="1" branch="False" />
            <line number="74" hits="1" branch="False" />
            <line number="75" hits="1" branch="False" />
            <line number="76" hits="1" branch="False" />
            <line number="80" hits="1" branch="False" />
            <line number="81" hits="1" branch="False" />
            <line number="82" hits="1" branch="False" />
            <line number="83" hits="1" branch="False" />
            <line number="84" hits="1" branch="False" />
            <line number="85" hits="1" branch="False" />
            <line number="86" hits="1" branch="False" />
            <line number="90" hits="1" branch="False" />
            <line number="91" hits="1" branch="False" />
            <line number="92" hits="1" branch="False" />
            <line number="93" hits="1" branch="False" />
            <line number="94" hits="1" branch="False" />
            <line number="98" hits="1" branch="False" />
            <line number="99" hits="1" branch="False" />
            <line number="100" hits="1" branch="False" />
            <line number="101" hits="1" branch="False" />
            <line number="102" hits="1" branch="False" />
            <line number="106" hits="1" branch="False" />
            <line number="107" hits="1" branch="False" />
            <line number="108" hits="1" branch="False" />
            <line number="109" hits="1" branch="False" />
            <line number="110" hits="1" branch="False" />
            <line number="111" hits="1" branch="False" />
            <line number="115" hits="1" branch="False" />
            <line number="116" hits="1" branch="False" />
            <line number="117" hits="1" branch="False" />
            <line number="118" hits="1" branch="False" />
            <line number="119" hits="1" branch="False" />
          </lines>
        </class>
        <class name="LibraryTesting.CarTesting" filename="Desktop\Домашка\Программирование\Лабораторная работа №11\LabWork11Git\UnitTesting\CarTesting.cs" line-rate="1" branch-rate="0.5" complexity="13">
          <methods>
            <method name="TestEmptyCtor" signature="()" line-rate="1" branch-rate="1" complexity="1">
              <lines>
                <line number="21" hits="1" branch="False" />
                <line number="22" hits="1" branch="False" />
                <line number="23" hits="1" branch="False" />
                <line number="24" hits="1" branch="False" />
                <line number="25" hits="1" branch="False" />
              </lines>
            </method>
            <method name="TestCtorProp1" signature="()" line-rate="1" branch-rate="1" complexity="1">
              <lines>
                <line number="29" hits="1" branch="False" />
                <line number="30" hits="1" branch="False" />
                <line number="31" hits="1" branch="False" />
                <line number="32" hits="1" branch="False" />
                <line number="33" hits="1" branch="False" />
              </lines>
            </method>
            <method name="TestCtorProp2" signature="()" line-rate="1" branch-rate="1" complexity="1">
              <lines>
                <line number="37" hits="1" branch="False" />
                <line number="38" hits="1" branch="False" />
                <line number="39" hits="1" branch="False" />
                <line number="40" hits="1" branch="False" />
                <line number="41" hits="1" branch="False" />
              </lines>
            </method>
            <method name="TestCtorProp3" signature="()" line-rate="1" branch-rate="1" complexity="1">
              <lines>
                <line number="45" hits="1" branch="False" />
                <line number="46" hits="1" branch="False" />
                <line number="47" hits="1" branch="False" />
                <line number="48" hits="1" branch="False" />
                <line number="49" hits="1" branch="False" />
              </lines>
            </method>
            <method name="TestCtorProp4" signature="()" line-rate="1" branch-rate="1" complexity="1">
              <lines>
                <line number="53" hits="1" branch="False" />
                <line number="54" hits="1" branch="False" />
                <line number="55" hits="1" branch="False" />
                <line number="56" hits="1" branch="False" />
                <line number="57" hits="1" branch="False" />
              </lines>
            </method>
            <method name="TestRandomInit" signature="()" line-rate="1" branch-rate="0.5" complexity="4">
              <lines>
                <line number="61" hits="1" branch="False" />
                <line number="62" hits="1" branch="False" />
                <line number="63" hits="1" branch="False" />
                <line number="64" hits="1" branch="True" condition-coverage="50% (2/4)">
                  <conditions>
                    <condition number="37" type="jump" coverage="50%" />
                    <condition number="47" type="jump" coverage="50%" />
                  </conditions>
                </line>
                <line number="65" hits="1" branch="False" />
                <line number="66" hits="1" branch="False" />
                <line number="67" hits="1" branch="False" />
              </lines>
            </method>
            <method name="TestEquals1" signature="()" line-rate="1" branch-rate="1" complexity="1">
              <lines>
                <line number="71" hits="1" branch="False" />
                <line number="72" hits="1" branch="False" />
                <line number="73" hits="1" branch="False" />
                <line number="74" hits="1" branch="False" />
                <line number="75" hits="1" branch="False" />
              </lines>
            </method>
            <method name="TestEquals2" signature="()" line-rate="1" branch-rate="1" complexity="1">
              <lines>
                <line number="79" hits="1" branch="False" />
                <line number="80" hits="1" branch="False" />
                <line number="81" hits="1" branch="False" />
                <line number="82" hits="1" branch="False" />
                <line number="83" hits="1" branch="False" />
              </lines>
            </method>
            <method name="TestEquals3" signature="()" line-rate="1" branch-rate="1" complexity="1">
              <lines>
                <line number="87" hits="1" branch="False" />
                <line number="88" hits="1" branch="False" />
                <line number="89" hits="1" branch="False" />
                <line number="90" hits="1" branch="False" />
                <line number="91" hits="1" branch="False" />
              </lines>
            </method>
            <method name=".ctor" signature="()" line-rate="1" branch-rate="1" complexity="1">
              <lines>
                <line number="15" hits="9" branch="False" />
                <line number="16" hits="9" branch="False" />
                <line number="17" hits="9" branch="False" />
              </lines>
            </method>
          </methods>
          <lines>
            <line number="21" hits="1" branch="False" />
            <line number="22" hits="1" branch="False" />
            <line number="23" hits="1" branch="False" />
            <line number="24" hits="1" branch="False" />
            <line number="25" hits="1" branch="False" />
            <line number="29" hits="1" branch="False" />
            <line number="30" hits="1" branch="False" />
            <line number="31" hits="1" branch="False" />
            <line number="32" hits="1" branch="False" />
            <line number="33" hits="1" branch="False" />
            <line number="37" hits="1" branch="False" />
            <line number="38" hits="1" branch="False" />
            <line number="39" hits="1" branch="False" />
            <line number="40" hits="1" branch="False" />
            <line number="41" hits="1" branch="False" />
            <line number="45" hits="1" branch="False" />
            <line number="46" hits="1" branch="False" />
            <line number="47" hits="1" branch="False" />
            <line number="48" hits="1" branch="False" />
            <line number="49" hits="1" branch="False" />
            <line number="53" hits="1" branch="False" />
            <line number="54" hits="1" branch="False" />
            <line number="55" hits="1" branch="False" />
            <line number="56" hits="1" branch="False" />
            <line number="57" hits="1" branch="False" />
            <line number="61" hits="1" branch="False" />
            <line number="62" hits="1" branch="False" />
            <line number="63" hits="1" branch="False" />
            <line number="64" hits="1" branch="True" condition-coverage="50% (2/4)">
              <conditions>
                <condition number="37" type="jump" coverage="50%" />
                <condition number="47" type="jump" coverage="50%" />
              </conditions>
            </line>
            <line number="65" hits="1" branch="False" />
            <line number="66" hits="1" branch="False" />
            <line number="67" hits="1" branch="False" />
            <line number="71" hits="1" branch="False" />
            <line number="72" hits="1" branch="False" />
            <line number="73" hits="1" branch="False" />
            <line number="74" hits="1" branch="False" />
            <line number="75" hits="1" branch="False" />
            <line number="79" hits="1" branch="False" />
            <line number="80" hits="1" branch="False" />
            <line number="81" hits="1" branch="False" />
            <line number="82" hits="1" branch="False" />
            <line number="83" hits="1" branch="False" />
            <line number="87" hits="1" branch="False" />
            <line number="88" hits="1" branch="False" />
            <line number="89" hits="1" branch="False" />
            <line number="90" hits="1" branch="False" />
            <line number="91" hits="1" branch="False" />
            <line number="15" hits="9" branch="False" />
            <line number="16" hits="9" branch="False" />
            <line number="17" hits="9" branch="False" />
          </lines>
        </class>
        <class name="LibraryTesting.MammalTesting" filename="Desktop\Домашка\Программирование\Лабораторная работа №11\LabWork11Git\UnitTesting\MammalTesting.cs" line-rate="1" branch-rate="0.5" complexity="14">
          <methods>
            <method name="TestMammalEmptyCtor" signature="()" line-rate="1" branch-rate="1" complexity="1">
              <lines>
                <line number="18" hits="1" branch="False" />
                <line number="19" hits="1" branch="False" />
                <line number="20" hits="1" branch="False" />
                <line number="21" hits="1" branch="False" />
                <line number="22" hits="1" branch="False" />
              </lines>
            </method>
            <method name="TestMammalCtor1" signature="()" line-rate="1" branch-rate="1" complexity="1">
              <lines>
                <line number="26" hits="1" branch="False" />
                <line number="27" hits="1" branch="False" />
                <line number="28" hits="1" branch="False" />
                <line number="29" hits="1" branch="False" />
                <line number="30" hits="1" branch="False" />
              </lines>
            </method>
            <method name="TestMammalCtor2" signature="()" line-rate="1" branch-rate="1" complexity="1">
              <lines>
                <line number="34" hits="1" branch="False" />
                <line number="35" hits="1" branch="False" />
                <line number="36" hits="1" branch="False" />
                <line number="37" hits="1" branch="False" />
                <line number="38" hits="1" branch="False" />
              </lines>
            </method>
            <method name="TestMammalProps" signature="()" line-rate="1" branch-rate="1" complexity="1">
              <lines>
                <line number="42" hits="1" branch="False" />
                <line number="43" hits="1" branch="False" />
                <line number="44" hits="1" branch="False" />
                <line number="45" hits="1" branch="False" />
                <line number="46" hits="1" branch="False" />
                <line number="47" hits="1" branch="False" />
                <line number="48" hits="1" branch="False" />
                <line number="49" hits="1" branch="False" />
                <line number="50" hits="1" branch="False" />
              </lines>
            </method>
            <method name="TestMammalRandom" signature="()" line-rate="1" branch-rate="0.5" complexity="6">
              <lines>
                <line number="54" hits="1" branch="False" />
                <line number="55" hits="1" branch="False" />
                <line number="56" hits="1" branch="False" />
                <line number="57" hits="1" branch="False" />
                <line number="58" hits="1" branch="False" />
                <line number="59" hits="1" branch="False" />
                <line number="60" hits="1" branch="True" condition-coverage="50% (3/6)">
                  <conditions>
                    <condition number="179" type="jump" coverage="50%" />
                    <condition number="193" type="jump" coverage="50%" />
                    <condition number="202" type="jump" coverage="50%" />
                  </conditions>
                </line>
                <line number="61" hits="1" branch="False" />
                <line number="62" hits="1" branch="False" />
                <line number="63" hits="1" branch="False" />
                <line number="64" hits="1" branch="False" />
                <line number="65" hits="1" branch="False" />
              </lines>
            </method>
            <method name="TestMammalShow" signature="()" line-rate="1" branch-rate="1" complexity="1">
              <lines>
                <line number="69" hits="1" branch="False" />
                <line number="70" hits="1" branch="False" />
                <line number="71" hits="1" branch="False" />
                <line number="72" hits="1" branch="False" />
                <line number="73" hits="1" branch="False" />
                <line number="74" hits="1" branch="False" />
                <line number="75" hits="1" branch="False" />
              </lines>
            </method>
            <method name="TestMammalPrint" signature="()" line-rate="1" branch-rate="1" complexity="1">
              <lines>
                <line number="79" hits="1" branch="False" />
                <line number="80" hits="1" branch="False" />
                <line number="81" hits="1" branch="False" />
                <line number="82" hits="1" branch="False" />
                <line number="83" hits="1" branch="False" />
                <line number="84" hits="1" branch="False" />
                <line number="85" hits="1" branch="False" />
              </lines>
            </method>
            <method name="TestMammalNotEquals1" signature="()" line-rate="1" branch-rate="1" complexity="1">
              <lines>
                <line number="89" hits="1" branch="False" />
                <line number="90" hits="1" branch="False" />
                <line number="91" hits="1" branch="False" />
                <line number="92" hits="1" branch="False" />
                <line number="93" hits="1" branch="False" />
              </lines>
            </method>
            <method name="TestMammalNotEquals2" signature="()" line-rate="1" branch-rate="1" complexity="1">
              <lines>
                <line number="97" hits="1" branch="False" />
                <line number="98" hits="1" branch="False" />
                <line number="99" hits="1" branch="False" />
                <line number="100" hits="1" branch="False" />
                <line number="101" hits="1" branch="False" />
              </lines>
            </method>
          </methods>
          <lines>
            <line number="18" hits="1" branch="False" />
            <line number="19" hits="1" branch="False" />
            <line number="20" hits="1" branch="False" />
            <line number="21" hits="1" branch="False" />
            <line number="22" hits="1" branch="False" />
            <line number="26" hits="1" branch="False" />
            <line number="27" hits="1" branch="False" />
            <line number="28" hits="1" branch="False" />
            <line number="29" hits="1" branch="False" />
            <line number="30" hits="1" branch="False" />
            <line number="34" hits="1" branch="False" />
            <line number="35" hits="1" branch="False" />
            <line number="36" hits="1" branch="False" />
            <line number="37" hits="1" branch="False" />
            <line number="38" hits="1" branch="False" />
            <line number="42" hits="1" branch="False" />
            <line number="43" hits="1" branch="False" />
            <line number="44" hits="1" branch="False" />
            <line number="45" hits="1" branch="False" />
            <line number="46" hits="1" branch="False" />
            <line number="47" hits="1" branch="False" />
            <line number="48" hits="1" branch="False" />
            <line number="49" hits="1" branch="False" />
            <line number="50" hits="1" branch="False" />
            <line number="54" hits="1" branch="False" />
            <line number="55" hits="1" branch="False" />
            <line number="56" hits="1" branch="False" />
            <line number="57" hits="1" branch="False" />
            <line number="58" hits="1" branch="False" />
            <line number="59" hits="1" branch="False" />
            <line number="60" hits="1" branch="True" condition-coverage="50% (3/6)">
              <conditions>
                <condition number="179" type="jump" coverage="50%" />
                <condition number="193" type="jump" coverage="50%" />
                <condition number="202" type="jump" coverage="50%" />
              </conditions>
            </line>
            <line number="61" hits="1" branch="False" />
            <line number="62" hits="1" branch="False" />
            <line number="63" hits="1" branch="False" />
            <line number="64" hits="1" branch="False" />
            <line number="65" hits="1" branch="False" />
            <line number="69" hits="1" branch="False" />
            <line number="70" hits="1" branch="False" />
            <line number="71" hits="1" branch="False" />
            <line number="72" hits="1" branch="False" />
            <line number="73" hits="1" branch="False" />
            <line number="74" hits="1" branch="False" />
            <line number="75" hits="1" branch="False" />
            <line number="79" hits="1" branch="False" />
            <line number="80" hits="1" branch="False" />
            <line number="81" hits="1" branch="False" />
            <line number="82" hits="1" branch="False" />
            <line number="83" hits="1" branch="False" />
            <line number="84" hits="1" branch="False" />
            <line number="85" hits="1" branch="False" />
            <line number="89" hits="1" branch="False" />
            <line number="90" hits="1" branch="False" />
            <line number="91" hits="1" branch="False" />
            <line number="92" hits="1" branch="False" />
            <line number="93" hits="1" branch="False" />
            <line number="97" hits="1" branch="False" />
            <line number="98" hits="1" branch="False" />
            <line number="99" hits="1" branch="False" />
            <line number="100" hits="1" branch="False" />
            <line number="101" hits="1" branch="False" />
          </lines>
        </class>
      </classes>
    </package>
  </packages>
</coverage>